{
 "cells": [
  {
   "cell_type": "markdown",
   "metadata": {},
   "source": [
    "# Finding the unloaded geometry"
   ]
  },
  {
   "cell_type": "code",
   "execution_count": 3,
   "metadata": {},
   "outputs": [
    {
     "name": "stderr",
     "output_type": "stream",
     "text": [
      "2021-05-13 08:21:41,611 [72502] INFO     pulse.utils: \n",
      "Load mesh from h5\n",
      "2021-05-13 08:21:41,767 [72502] INFO     pulse.utils: \n",
      "\n",
      "-------------------------- Unloading options ---------------------------\n",
      "\n",
      "\tTarget pressure: 0.1\n",
      "\tmaxiter = 10\n",
      "\ttolerance = 0.0001\n",
      "\tregenerate_fibers (serial only)= False\n",
      "\n",
      "------------------------------------------------------------------------\n",
      "\n",
      "2021-05-13 08:21:41,767 [72502] INFO     pulse.utils: ------------------------------------------------------------------------\n",
      "2021-05-13 08:21:41,768 [72502] INFO     pulse.utils: ----------------------------Start unloading-----------------------------\n",
      "2021-05-13 08:21:41,768 [72502] INFO     pulse.utils: ------------------------------------------------------------------------\n",
      "2021-05-13 08:21:41,770 [72502] INFO     pulse.utils: \n",
      "LV Volume of original geometry = 2.511 ml\n",
      "2021-05-13 08:21:41,773 [72502] INFO     pulse.utils: \n",
      "Do an intial solve\n",
      "2021-05-13 08:21:42,953 [72502] INFO     pulse.utils: Iterating....\n",
      "2021-05-13 08:21:42,953 [72502] INFO     pulse.utils: Current control: 0.000\n",
      "2021-05-13 08:21:42,954 [72502] INFO     pulse.utils: Target: 0.100\n",
      "2021-05-13 08:21:46,010 [72502] INFO     pulse.utils: \n",
      "Iteration: 0\n",
      "2021-05-13 08:21:47,203 [72502] INFO     pulse.utils: \n",
      "LV Volume of original geometry = 2.371 ml\n",
      "2021-05-13 08:21:47,254 [72502] INFO     pulse.utils: Iterating....\n",
      "2021-05-13 08:21:47,255 [72502] INFO     pulse.utils: Current control: 0.000\n",
      "2021-05-13 08:21:47,256 [72502] INFO     pulse.utils: Target: 0.100\n"
     ]
    },
    {
     "ename": "KeyboardInterrupt",
     "evalue": "",
     "output_type": "error",
     "traceback": [
      "\u001b[0;31m---------------------------------------------------------------------------\u001b[0m",
      "\u001b[0;31mRuntimeError\u001b[0m                              Traceback (most recent call last)",
      "\u001b[0;32m~/local/src/pulse/pulse/mechanicsproblem.py\u001b[0m in \u001b[0;36msolve\u001b[0;34m(self)\u001b[0m\n\u001b[1;32m    345\u001b[0m             \u001b[0mlogger\u001b[0m\u001b[0;34m.\u001b[0m\u001b[0mdebug\u001b[0m\u001b[0;34m(\u001b[0m\u001b[0;34m\"Try to solve\"\u001b[0m\u001b[0;34m)\u001b[0m\u001b[0;34m\u001b[0m\u001b[0;34m\u001b[0m\u001b[0m\n\u001b[0;32m--> 346\u001b[0;31m             \u001b[0mnliter\u001b[0m\u001b[0;34m,\u001b[0m \u001b[0mnlconv\u001b[0m \u001b[0;34m=\u001b[0m \u001b[0msolver\u001b[0m\u001b[0;34m.\u001b[0m\u001b[0msolve\u001b[0m\u001b[0;34m(\u001b[0m\u001b[0;34m)\u001b[0m\u001b[0;34m\u001b[0m\u001b[0;34m\u001b[0m\u001b[0m\n\u001b[0m\u001b[1;32m    347\u001b[0m             \u001b[0;32mif\u001b[0m \u001b[0;32mnot\u001b[0m \u001b[0mnlconv\u001b[0m\u001b[0;34m:\u001b[0m\u001b[0;34m\u001b[0m\u001b[0;34m\u001b[0m\u001b[0m\n",
      "\u001b[0;31mRuntimeError\u001b[0m: \n\n*** -------------------------------------------------------------------------\n*** DOLFIN encountered an error. If you are not able to resolve this issue\n*** using the information listed below, you can ask for help at\n***\n***     fenics-support@googlegroups.com\n***\n*** Remember to include the error message listed below and, if possible,\n*** include a *minimal* running example to reproduce the error.\n***\n*** -------------------------------------------------------------------------\n*** Error:   Unable to solve nonlinear system with NewtonSolver.\n*** Reason:  Newton solver did not converge because maximum number of iterations reached.\n*** Where:   This error was encountered inside NewtonSolver.cpp.\n*** Process: 0\n*** \n*** DOLFIN version: 2019.1.0\n*** Git changeset:  \n*** -------------------------------------------------------------------------\n",
      "\nDuring handling of the above exception, another exception occurred:\n",
      "\u001b[0;31mKeyboardInterrupt\u001b[0m                         Traceback (most recent call last)",
      "\u001b[0;32m<ipython-input-3-e4a8e5d8eee2>\u001b[0m in \u001b[0;36m<module>\u001b[0;34m\u001b[0m\n\u001b[1;32m     23\u001b[0m \u001b[0;34m\u001b[0m\u001b[0m\n\u001b[1;32m     24\u001b[0m \u001b[0;31m# Unload the geometry\u001b[0m\u001b[0;34m\u001b[0m\u001b[0;34m\u001b[0m\u001b[0;34m\u001b[0m\u001b[0m\n\u001b[0;32m---> 25\u001b[0;31m \u001b[0munloader\u001b[0m\u001b[0;34m.\u001b[0m\u001b[0munload\u001b[0m\u001b[0;34m(\u001b[0m\u001b[0;34m)\u001b[0m\u001b[0;34m\u001b[0m\u001b[0;34m\u001b[0m\u001b[0m\n\u001b[0m\u001b[1;32m     26\u001b[0m \u001b[0;34m\u001b[0m\u001b[0m\n\u001b[1;32m     27\u001b[0m \u001b[0;31m# Get the unloaded geometry\u001b[0m\u001b[0;34m\u001b[0m\u001b[0;34m\u001b[0m\u001b[0;34m\u001b[0m\u001b[0m\n",
      "\u001b[0;32m~/local/src/pulse/pulse/unloader.py\u001b[0m in \u001b[0;36munload\u001b[0;34m(self, save)\u001b[0m\n\u001b[1;32m    203\u001b[0m         \u001b[0mself\u001b[0m\u001b[0;34m.\u001b[0m\u001b[0mU\u001b[0m \u001b[0;34m=\u001b[0m \u001b[0mFunction\u001b[0m\u001b[0;34m(\u001b[0m\u001b[0mu\u001b[0m\u001b[0;34m.\u001b[0m\u001b[0mfunction_space\u001b[0m\u001b[0;34m(\u001b[0m\u001b[0;34m)\u001b[0m\u001b[0;34m)\u001b[0m\u001b[0;34m\u001b[0m\u001b[0;34m\u001b[0m\u001b[0m\n\u001b[1;32m    204\u001b[0m \u001b[0;34m\u001b[0m\u001b[0m\n\u001b[0;32m--> 205\u001b[0;31m         \u001b[0mself\u001b[0m\u001b[0;34m.\u001b[0m\u001b[0munload_step\u001b[0m\u001b[0;34m(\u001b[0m\u001b[0mu\u001b[0m\u001b[0;34m,\u001b[0m \u001b[0mresidual\u001b[0m\u001b[0;34m,\u001b[0m \u001b[0msave\u001b[0m\u001b[0;34m=\u001b[0m\u001b[0msave\u001b[0m\u001b[0;34m)\u001b[0m\u001b[0;34m\u001b[0m\u001b[0;34m\u001b[0m\u001b[0m\n\u001b[0m\u001b[1;32m    206\u001b[0m \u001b[0;34m\u001b[0m\u001b[0m\n\u001b[1;32m    207\u001b[0m         \u001b[0mlogger\u001b[0m\u001b[0;34m.\u001b[0m\u001b[0minfo\u001b[0m\u001b[0;34m(\u001b[0m\u001b[0;34m\"\"\u001b[0m\u001b[0;34m.\u001b[0m\u001b[0mcenter\u001b[0m\u001b[0;34m(\u001b[0m\u001b[0;36m72\u001b[0m\u001b[0;34m,\u001b[0m \u001b[0;34m\"#\"\u001b[0m\u001b[0;34m)\u001b[0m \u001b[0;34m+\u001b[0m \u001b[0;34m\"\\nUnloading suceeding\"\u001b[0m\u001b[0;34m)\u001b[0m\u001b[0;34m\u001b[0m\u001b[0;34m\u001b[0m\u001b[0m\n",
      "\u001b[0;32m~/local/src/pulse/pulse/unloader.py\u001b[0m in \u001b[0;36munload_step\u001b[0;34m(self, u, residual, save, it)\u001b[0m\n\u001b[1;32m    412\u001b[0m \u001b[0;34m\u001b[0m\u001b[0m\n\u001b[1;32m    413\u001b[0m             \u001b[0;31m# Solve\u001b[0m\u001b[0;34m\u001b[0m\u001b[0;34m\u001b[0m\u001b[0;34m\u001b[0m\u001b[0m\n\u001b[0;32m--> 414\u001b[0;31m             u = utils.inflate_to_pressure(\n\u001b[0m\u001b[1;32m    415\u001b[0m                 \u001b[0mself\u001b[0m\u001b[0;34m.\u001b[0m\u001b[0mpressure\u001b[0m\u001b[0;34m,\u001b[0m\u001b[0;34m\u001b[0m\u001b[0;34m\u001b[0m\u001b[0m\n\u001b[1;32m    416\u001b[0m                 \u001b[0mproblem\u001b[0m\u001b[0;34m,\u001b[0m\u001b[0;34m\u001b[0m\u001b[0;34m\u001b[0m\u001b[0m\n",
      "\u001b[0;32m~/local/src/pulse/pulse/unloading_utils.py\u001b[0m in \u001b[0;36minflate_to_pressure\u001b[0;34m(target_pressure, problem, ntries, n, annotate)\u001b[0m\n\u001b[1;32m    126\u001b[0m     \u001b[0mlogger\u001b[0m\u001b[0;34m.\u001b[0m\u001b[0mdebug\u001b[0m\u001b[0;34m(\u001b[0m\u001b[0;34m\"\\nInflate geometry to p = {} kPa\"\u001b[0m\u001b[0;34m.\u001b[0m\u001b[0mformat\u001b[0m\u001b[0;34m(\u001b[0m\u001b[0mtarget_pressure\u001b[0m\u001b[0;34m)\u001b[0m\u001b[0;34m)\u001b[0m\u001b[0;34m\u001b[0m\u001b[0;34m\u001b[0m\u001b[0m\n\u001b[1;32m    127\u001b[0m     \u001b[0mpressure\u001b[0m \u001b[0;34m=\u001b[0m \u001b[0mget_pressure\u001b[0m\u001b[0;34m(\u001b[0m\u001b[0mproblem\u001b[0m\u001b[0;34m)\u001b[0m\u001b[0;34m\u001b[0m\u001b[0;34m\u001b[0m\u001b[0m\n\u001b[0;32m--> 128\u001b[0;31m     \u001b[0msolve\u001b[0m\u001b[0;34m(\u001b[0m\u001b[0mtarget_pressure\u001b[0m\u001b[0;34m,\u001b[0m \u001b[0mproblem\u001b[0m\u001b[0;34m,\u001b[0m \u001b[0mpressure\u001b[0m\u001b[0;34m,\u001b[0m \u001b[0mntries\u001b[0m\u001b[0;34m,\u001b[0m \u001b[0mn\u001b[0m\u001b[0;34m,\u001b[0m \u001b[0mannotate\u001b[0m\u001b[0;34m)\u001b[0m\u001b[0;34m\u001b[0m\u001b[0;34m\u001b[0m\u001b[0m\n\u001b[0m\u001b[1;32m    129\u001b[0m \u001b[0;34m\u001b[0m\u001b[0m\n\u001b[1;32m    130\u001b[0m     \u001b[0;32mreturn\u001b[0m \u001b[0mproblem\u001b[0m\u001b[0;34m.\u001b[0m\u001b[0mget_displacement\u001b[0m\u001b[0;34m(\u001b[0m\u001b[0mannotate\u001b[0m\u001b[0;34m=\u001b[0m\u001b[0mannotate\u001b[0m\u001b[0;34m)\u001b[0m\u001b[0;34m\u001b[0m\u001b[0;34m\u001b[0m\u001b[0m\n",
      "\u001b[0;32m~/local/src/pulse/pulse/unloading_utils.py\u001b[0m in \u001b[0;36msolve\u001b[0;34m(target_pressure, problem, pressure, ntries, n, annotate)\u001b[0m\n\u001b[1;32m    153\u001b[0m     \u001b[0mlogger_it\u001b[0m\u001b[0;34m.\u001b[0m\u001b[0msetLevel\u001b[0m\u001b[0;34m(\u001b[0m\u001b[0mlogging\u001b[0m\u001b[0;34m.\u001b[0m\u001b[0mWARNING\u001b[0m\u001b[0;34m)\u001b[0m\u001b[0;34m\u001b[0m\u001b[0;34m\u001b[0m\u001b[0m\n\u001b[1;32m    154\u001b[0m \u001b[0;34m\u001b[0m\u001b[0m\n\u001b[0;32m--> 155\u001b[0;31m     \u001b[0miterate\u001b[0m\u001b[0;34m(\u001b[0m\u001b[0mproblem\u001b[0m\u001b[0;34m,\u001b[0m \u001b[0mpressure\u001b[0m\u001b[0;34m,\u001b[0m \u001b[0mtarget_pressure\u001b[0m\u001b[0;34m)\u001b[0m\u001b[0;34m\u001b[0m\u001b[0;34m\u001b[0m\u001b[0m\n\u001b[0m\u001b[1;32m    156\u001b[0m \u001b[0;34m\u001b[0m\u001b[0m\n\u001b[1;32m    157\u001b[0m     \u001b[0mannotation\u001b[0m\u001b[0;34m.\u001b[0m\u001b[0mannotate\u001b[0m \u001b[0;34m=\u001b[0m \u001b[0;32mTrue\u001b[0m\u001b[0;34m\u001b[0m\u001b[0;34m\u001b[0m\u001b[0m\n",
      "\u001b[0;32m~/local/src/pulse/pulse/iterate.py\u001b[0m in \u001b[0;36miterate\u001b[0;34m(problem, control, target, continuation, max_adapt_iter, adapt_step, old_states, old_controls, max_nr_crash, max_iters, initial_number_of_steps, reinit_each_step)\u001b[0m\n\u001b[1;32m    326\u001b[0m         \u001b[0mreinit_each_step\u001b[0m\u001b[0;34m=\u001b[0m\u001b[0mreinit_each_step\u001b[0m\u001b[0;34m,\u001b[0m\u001b[0;34m\u001b[0m\u001b[0;34m\u001b[0m\u001b[0m\n\u001b[1;32m    327\u001b[0m     ) as iterator:\n\u001b[0;32m--> 328\u001b[0;31m         \u001b[0mres\u001b[0m \u001b[0;34m=\u001b[0m \u001b[0miterator\u001b[0m\u001b[0;34m.\u001b[0m\u001b[0msolve\u001b[0m\u001b[0;34m(\u001b[0m\u001b[0;34m)\u001b[0m\u001b[0;34m\u001b[0m\u001b[0;34m\u001b[0m\u001b[0m\n\u001b[0m\u001b[1;32m    329\u001b[0m \u001b[0;34m\u001b[0m\u001b[0m\n\u001b[1;32m    330\u001b[0m     \u001b[0;32mreturn\u001b[0m \u001b[0mres\u001b[0m\u001b[0;34m\u001b[0m\u001b[0;34m\u001b[0m\u001b[0m\n",
      "\u001b[0;32m~/local/src/pulse/pulse/iterate.py\u001b[0m in \u001b[0;36msolve\u001b[0;34m(self)\u001b[0m\n\u001b[1;32m    442\u001b[0m \u001b[0;34m\u001b[0m\u001b[0m\n\u001b[1;32m    443\u001b[0m             \u001b[0;32mtry\u001b[0m\u001b[0;34m:\u001b[0m\u001b[0;34m\u001b[0m\u001b[0;34m\u001b[0m\u001b[0m\n\u001b[0;32m--> 444\u001b[0;31m                 \u001b[0mnliter\u001b[0m\u001b[0;34m,\u001b[0m \u001b[0mnlconv\u001b[0m \u001b[0;34m=\u001b[0m \u001b[0mself\u001b[0m\u001b[0;34m.\u001b[0m\u001b[0mproblem\u001b[0m\u001b[0;34m.\u001b[0m\u001b[0msolve\u001b[0m\u001b[0;34m(\u001b[0m\u001b[0;34m)\u001b[0m\u001b[0;34m\u001b[0m\u001b[0;34m\u001b[0m\u001b[0m\n\u001b[0m\u001b[1;32m    445\u001b[0m \u001b[0;34m\u001b[0m\u001b[0m\n\u001b[1;32m    446\u001b[0m             \u001b[0;32mexcept\u001b[0m \u001b[0mSolverDidNotConverge\u001b[0m \u001b[0;32mas\u001b[0m \u001b[0mex\u001b[0m\u001b[0;34m:\u001b[0m\u001b[0;34m\u001b[0m\u001b[0;34m\u001b[0m\u001b[0m\n",
      "\u001b[0;32m~/local/src/pulse/pulse/mechanicsproblem.py\u001b[0m in \u001b[0;36msolve\u001b[0;34m(self)\u001b[0m\n\u001b[1;32m    344\u001b[0m         \u001b[0;32mtry\u001b[0m\u001b[0;34m:\u001b[0m\u001b[0;34m\u001b[0m\u001b[0;34m\u001b[0m\u001b[0m\n\u001b[1;32m    345\u001b[0m             \u001b[0mlogger\u001b[0m\u001b[0;34m.\u001b[0m\u001b[0mdebug\u001b[0m\u001b[0;34m(\u001b[0m\u001b[0;34m\"Try to solve\"\u001b[0m\u001b[0;34m)\u001b[0m\u001b[0;34m\u001b[0m\u001b[0;34m\u001b[0m\u001b[0m\n\u001b[0;32m--> 346\u001b[0;31m             \u001b[0mnliter\u001b[0m\u001b[0;34m,\u001b[0m \u001b[0mnlconv\u001b[0m \u001b[0;34m=\u001b[0m \u001b[0msolver\u001b[0m\u001b[0;34m.\u001b[0m\u001b[0msolve\u001b[0m\u001b[0;34m(\u001b[0m\u001b[0;34m)\u001b[0m\u001b[0;34m\u001b[0m\u001b[0;34m\u001b[0m\u001b[0m\n\u001b[0m\u001b[1;32m    347\u001b[0m             \u001b[0;32mif\u001b[0m \u001b[0;32mnot\u001b[0m \u001b[0mnlconv\u001b[0m\u001b[0;34m:\u001b[0m\u001b[0;34m\u001b[0m\u001b[0;34m\u001b[0m\u001b[0m\n\u001b[1;32m    348\u001b[0m                 \u001b[0mlogger\u001b[0m\u001b[0;34m.\u001b[0m\u001b[0mdebug\u001b[0m\u001b[0;34m(\u001b[0m\u001b[0;34m\"Failed\"\u001b[0m\u001b[0;34m)\u001b[0m\u001b[0;34m\u001b[0m\u001b[0;34m\u001b[0m\u001b[0m\n",
      "\u001b[0;31mKeyboardInterrupt\u001b[0m: "
     ]
    }
   ],
   "source": [
    "import matplotlib.pyplot as plt\n",
    "import dolfin\n",
    "import pulse\n",
    "\n",
    "\n",
    "geometry = pulse.HeartGeometry.from_file(pulse.mesh_paths['simple_ellipsoid'])\n",
    "material = pulse.HolzapfelOgden()\n",
    "# material = pulse.Guccione()\n",
    "\n",
    "# Parameter for the cardiac boundary conditions\n",
    "bcs_parameters = pulse.MechanicsProblem.default_bcs_parameters()\n",
    "bcs_parameters['base_spring'] = 1.0\n",
    "bcs_parameters['base_bc'] = 'fix_x'\n",
    "\n",
    "# Create the problem\n",
    "problem = pulse.MechanicsProblem(geometry, material,\n",
    "                                 bcs_parameters=bcs_parameters)\n",
    "\n",
    "# Suppose geometry is loaded with a pressure of 1 kPa\n",
    "# and create the unloader\n",
    "unloader = pulse.FixedPointUnloader(problem=problem,\n",
    "                                    pressure=0.1)\n",
    "\n",
    "# Unload the geometry\n",
    "unloader.unload()\n",
    "\n",
    "# Get the unloaded geometry\n",
    "unloaded_geometry = unloader.unloaded_geometry"
   ]
  },
  {
   "cell_type": "code",
   "execution_count": 1,
   "metadata": {},
   "outputs": [
    {
     "ename": "NameError",
     "evalue": "name 'geometry' is not defined",
     "output_type": "error",
     "traceback": [
      "\u001b[0;31m---------------------------------------------------------------------------\u001b[0m",
      "\u001b[0;31mNameError\u001b[0m                                 Traceback (most recent call last)",
      "\u001b[0;32m<ipython-input-1-1cc0d8d571d3>\u001b[0m in \u001b[0;36m<module>\u001b[0;34m\u001b[0m\n\u001b[1;32m      1\u001b[0m \u001b[0;32mfrom\u001b[0m \u001b[0mfenics_plotly\u001b[0m \u001b[0;32mimport\u001b[0m \u001b[0mplot\u001b[0m\u001b[0;34m,\u001b[0m \u001b[0mset_renderer\u001b[0m\u001b[0;34m\u001b[0m\u001b[0;34m\u001b[0m\u001b[0m\n\u001b[1;32m      2\u001b[0m \u001b[0mset_renderer\u001b[0m\u001b[0;34m(\u001b[0m\u001b[0;34m'notebook'\u001b[0m\u001b[0;34m)\u001b[0m\u001b[0;34m\u001b[0m\u001b[0;34m\u001b[0m\u001b[0m\n\u001b[0;32m----> 3\u001b[0;31m \u001b[0mfig\u001b[0m \u001b[0;34m=\u001b[0m \u001b[0mplot\u001b[0m\u001b[0;34m(\u001b[0m\u001b[0mgeometry\u001b[0m\u001b[0;34m.\u001b[0m\u001b[0mmesh\u001b[0m\u001b[0;34m,\u001b[0m \u001b[0mshow\u001b[0m\u001b[0;34m=\u001b[0m\u001b[0;32mFalse\u001b[0m\u001b[0;34m)\u001b[0m\u001b[0;34m\u001b[0m\u001b[0;34m\u001b[0m\u001b[0m\n\u001b[0m\u001b[1;32m      4\u001b[0m \u001b[0mfig\u001b[0m\u001b[0;34m.\u001b[0m\u001b[0madd_plot\u001b[0m\u001b[0;34m(\u001b[0m\u001b[0mplot\u001b[0m\u001b[0;34m(\u001b[0m\u001b[0munloaded_geometry\u001b[0m\u001b[0;34m.\u001b[0m\u001b[0mmesh\u001b[0m\u001b[0;34m,\u001b[0m \u001b[0mcolor\u001b[0m\u001b[0;34m=\u001b[0m\u001b[0;34m\"red\"\u001b[0m\u001b[0;34m,\u001b[0m \u001b[0mshow\u001b[0m\u001b[0;34m=\u001b[0m\u001b[0;32mFalse\u001b[0m\u001b[0;34m)\u001b[0m\u001b[0;34m)\u001b[0m\u001b[0;34m\u001b[0m\u001b[0;34m\u001b[0m\u001b[0m\n\u001b[1;32m      5\u001b[0m \u001b[0mfig\u001b[0m\u001b[0;34m.\u001b[0m\u001b[0mshow\u001b[0m\u001b[0;34m(\u001b[0m\u001b[0;34m)\u001b[0m\u001b[0;34m\u001b[0m\u001b[0;34m\u001b[0m\u001b[0m\n",
      "\u001b[0;31mNameError\u001b[0m: name 'geometry' is not defined"
     ]
    }
   ],
   "source": [
    "from fenics_plotly import plot, set_renderer\n",
    "set_renderer('notebook')\n",
    "fig = plot(geometry.mesh, show=False)\n",
    "fig.add_plot(plot(unloaded_geometry.mesh, color=\"red\", show=False))\n",
    "fig.show()"
   ]
  },
  {
   "cell_type": "code",
   "execution_count": null,
   "metadata": {},
   "outputs": [],
   "source": []
  }
 ],
 "metadata": {
  "kernelspec": {
   "display_name": "Python 3",
   "language": "python",
   "name": "python3"
  },
  "language_info": {
   "codemirror_mode": {
    "name": "ipython",
    "version": 3
   },
   "file_extension": ".py",
   "mimetype": "text/x-python",
   "name": "python",
   "nbconvert_exporter": "python",
   "pygments_lexer": "ipython3",
   "version": "3.9.0"
  }
 },
 "nbformat": 4,
 "nbformat_minor": 2
}
